<?xml version="1.0" encoding="UTF-8"?>
<!-- Generated by org.testng.reporters.JUnitXMLReporter -->
<testsuite hostname="LAPTOP-NLIVIKEV" ignored="1" name="Default test" tests="1" failures="0" timestamp="2021-05-13T11:29:57 IST" time="0.099" errors="0">
  <testcase name="NativeApp" time="0.018" classname="qaclickacademy.MavenJava.AppiumTest"/>
  <testcase name="IosApp" time="0.0" classname="qaclickacademy.MavenJava.AppiumTest">
    <ignored/>
  </testcase> <!-- IosApp -->
</testsuite> <!-- Default test -->
