<?xml version="1.0" encoding="UTF-8"?>
<testng-results skipped="0" failed="0" ignored="1" total="2" passed="1">
  <reporter-output>
  </reporter-output>
  <suite name="Default suite" duration-ms="99" started-at="2021-05-13T11:29:57 IST" finished-at="2021-05-13T11:29:57 IST">
    <groups>
    </groups>
    <test name="Default test" duration-ms="99" started-at="2021-05-13T11:29:57 IST" finished-at="2021-05-13T11:29:57 IST">
      <class name="qaclickacademy.MavenJava.AppiumTest">
        <test-method status="PASS" signature="NativeApp()[pri:0, instance:qaclickacademy.MavenJava.AppiumTest@5a8806ef]" name="NativeApp" duration-ms="18" started-at="2021-05-13T11:29:57 IST" finished-at="2021-05-13T11:29:57 IST">
          <reporter-output>
          </reporter-output>
        </test-method> <!-- NativeApp -->
      </class> <!-- qaclickacademy.MavenJava.AppiumTest -->
    </test> <!-- Default test -->
  </suite> <!-- Default suite -->
</testng-results>
